<?xml version="1.0" encoding="UTF-8"?>
<testng-results ignored="0" total="1" passed="1" failed="0" skipped="0">
  <reporter-output>
  </reporter-output>
  <suite started-at="2024-11-04T09:50:33 IST" name="Default suite" finished-at="2024-11-04T09:50:38 IST" duration-ms="4690">
    <groups>
    </groups>
    <test started-at="2024-11-04T09:50:33 IST" name="Default test" finished-at="2024-11-04T09:50:38 IST" duration-ms="4690">
      <class name="pk1.DemoblazeTest">
        <test-method signature="flightbooking()[pri:0, instance:pk1.DemoblazeTest@54422e18]" started-at="2024-11-04T09:50:33 IST" name="flightbooking" finished-at="2024-11-04T09:50:38 IST" duration-ms="4633" status="PASS">
          <reporter-output>
          </reporter-output>
        </test-method> <!-- flightbooking -->
      </class> <!-- pk1.DemoblazeTest -->
    </test> <!-- Default test -->
  </suite> <!-- Default suite -->
</testng-results>
